-------------------------------------------------------------------------------
Test set: com.dbtraining.reconx.model.EquityTradeTest
-------------------------------------------------------------------------------
Tests run: 3, Failures: 3, Errors: 0, Skipped: 0, Time elapsed: 0.248 s <<< FAILURE! -- in com.dbtraining.reconx.model.EquityTradeTest
com.dbtraining.reconx.model.EquityTradeTest.equality_byTradeRef -- Time elapsed: 0.108 s <<< FAILURE!
org.opentest4j.AssertionFailedError: TICKET-ADV028 not implemented yet
	at org.junit.jupiter.api.AssertionUtils.fail(AssertionUtils.java:38)
	at org.junit.jupiter.api.Assertions.fail(Assertions.java:138)
	at com.dbtraining.reconx.model.EquityTradeTest.equality_byTradeRef(EquityTradeTest.java:31)
	at java.base/java.lang.reflect.Method.invoke(Method.java:580)
	at java.base/java.util.ArrayList.forEach(ArrayList.java:1596)
	at java.base/java.util.ArrayList.forEach(ArrayList.java:1596)

com.dbtraining.reconx.model.EquityTradeTest.builder_buildsWhenAllRequiredPresent -- Time elapsed: 0.004 s <<< FAILURE!
org.opentest4j.AssertionFailedError: TICKET-ADV019 not implemented yet
	at org.junit.jupiter.api.AssertionUtils.fail(AssertionUtils.java:38)
	at org.junit.jupiter.api.Assertions.fail(Assertions.java:138)
	at com.dbtraining.reconx.model.EquityTradeTest.builder_buildsWhenAllRequiredPresent(EquityTradeTest.java:17)
	at java.base/java.lang.reflect.Method.invoke(Method.java:580)
	at java.base/java.util.ArrayList.forEach(ArrayList.java:1596)
	at java.base/java.util.ArrayList.forEach(ArrayList.java:1596)

com.dbtraining.reconx.model.EquityTradeTest.builder_missingPrice_throws -- Time elapsed: 0.003 s <<< FAILURE!
org.opentest4j.AssertionFailedError: TICKET-ADV019 not implemented yet
	at org.junit.jupiter.api.AssertionUtils.fail(AssertionUtils.java:38)
	at org.junit.jupiter.api.Assertions.fail(Assertions.java:138)
	at com.dbtraining.reconx.model.EquityTradeTest.builder_missingPrice_throws(EquityTradeTest.java:24)
	at java.base/java.lang.reflect.Method.invoke(Method.java:580)
	at java.base/java.util.ArrayList.forEach(ArrayList.java:1596)
	at java.base/java.util.ArrayList.forEach(ArrayList.java:1596)

