-------------------------------------------------------------------------------
Test set: com.dbtraining.reconx.service.ReconciliationEngineTest
-------------------------------------------------------------------------------
Tests run: 4, Failures: 4, Errors: 0, Skipped: 0, Time elapsed: 0.004 s <<< FAILURE! -- in com.dbtraining.reconx.service.ReconciliationEngineTest
com.dbtraining.reconx.service.ReconciliationEngineTest.testReconcile_missingCounterpartyTrade_returnsBreak -- Time elapsed: 0.001 s <<< FAILURE!
org.opentest4j.AssertionFailedError: TICKET-ADV042 not implemented yet
	at org.junit.jupiter.api.AssertionUtils.fail(AssertionUtils.java:38)
	at org.junit.jupiter.api.Assertions.fail(Assertions.java:138)
	at com.dbtraining.reconx.service.ReconciliationEngineTest.testReconcile_missingCounterpartyTrade_returnsBreak(ReconciliationEngineTest.java:36)
	at java.base/java.lang.reflect.Method.invoke(Method.java:565)
	at java.base/java.util.ArrayList.forEach(ArrayList.java:1604)
	at java.base/java.util.ArrayList.forEach(ArrayList.java:1604)

com.dbtraining.reconx.service.ReconciliationEngineTest.testReconcile_exactMatch_returnsMatched -- Time elapsed: 0.001 s <<< FAILURE!
org.opentest4j.AssertionFailedError: TICKET-ADV040 not implemented yet
	at org.junit.jupiter.api.AssertionUtils.fail(AssertionUtils.java:38)
	at org.junit.jupiter.api.Assertions.fail(Assertions.java:138)
	at com.dbtraining.reconx.service.ReconciliationEngineTest.testReconcile_exactMatch_returnsMatched(ReconciliationEngineTest.java:23)
	at java.base/java.lang.reflect.Method.invoke(Method.java:565)
	at java.base/java.util.ArrayList.forEach(ArrayList.java:1604)
	at java.base/java.util.ArrayList.forEach(ArrayList.java:1604)

com.dbtraining.reconx.service.ReconciliationEngineTest.testReconcile_priceTolerance_withinThreshold -- Time elapsed: 0 s <<< FAILURE!
org.opentest4j.AssertionFailedError: TICKET-ADV041 not implemented yet
	at org.junit.jupiter.api.AssertionUtils.fail(AssertionUtils.java:38)
	at org.junit.jupiter.api.Assertions.fail(Assertions.java:138)
	at com.dbtraining.reconx.service.ReconciliationEngineTest.testReconcile_priceTolerance_withinThreshold(ReconciliationEngineTest.java:29)
	at java.base/java.lang.reflect.Method.invoke(Method.java:565)
	at java.base/java.util.ArrayList.forEach(ArrayList.java:1604)
	at java.base/java.util.ArrayList.forEach(ArrayList.java:1604)

com.dbtraining.reconx.service.ReconciliationEngineTest.testReconcile_emptyInternal_returnsEmpty -- Time elapsed: 0 s <<< FAILURE!
org.opentest4j.AssertionFailedError: TICKET-ADV040 not implemented yet
	at org.junit.jupiter.api.AssertionUtils.fail(AssertionUtils.java:38)
	at org.junit.jupiter.api.Assertions.fail(Assertions.java:138)
	at com.dbtraining.reconx.service.ReconciliationEngineTest.testReconcile_emptyInternal_returnsEmpty(ReconciliationEngineTest.java:42)
	at java.base/java.lang.reflect.Method.invoke(Method.java:565)
	at java.base/java.util.ArrayList.forEach(ArrayList.java:1604)
	at java.base/java.util.ArrayList.forEach(ArrayList.java:1604)

